<?xml version='1.0' encoding='UTF-8'?>
<testsuite hostname="admin" name="CubeCalculatorTest" tests="1" errors="0" failures="0" skipped="0" time="0.024">
                     <properties>
[...]
</properties>
                     <testcase classname="CubeCalculatorTest" name="cube" time="0.024">
                                                 
                                               </testcase>
                     <system-out></system-out>
                     <system-err></system-err>
                   </testsuite>